45	52	PRECONDITION
45	56	PRECONDITION
45	58	PRECONDITION
45	60	PRECONDITION
45	65_66	PRECONDITION
45	80	PRECONDITION
45	84	PRECONDITION
45	85	PRECONDITION
52	56	PRECONDITION
52	58	PRECONDITION
52	60	PRECONDITION
52	65_66	PRECONDITION
52	80	PRECONDITION
52	84	PRECONDITION
52	85	PRECONDITION
56	58	PRECONDITION
56	60	PRECONDITION
56	65_66	PRECONDITION
56	80	PRECONDITION
56	84	PRECONDITION
56	85	PRECONDITION
58	60	PRECONDITION
58	65_66	PRECONDITION
58	80	PRECONDITION
58	84	PRECONDITION
58	85	PRECONDITION
60	65_66	PRECONDITION
60	80	PRECONDITION
60	84	PRECONDITION
60	85	PRECONDITION
65_66	80	PRECONDITION
65_66	84	PRECONDITION
65_66	85	PRECONDITION
80	84	PRECONDITION
80	85	PRECONDITION
84	85	PRECONDITION
112	119_120_121	PRECONDITION
112	137	PRECONDITION
112	141	PRECONDITION
112	146	PRECONDITION
119_120_121	137	PRECONDITION
119_120_121	141	PRECONDITION
119_120_121	146	PRECONDITION
137	141	PRECONDITION
137	146	PRECONDITION
141	146	PRECONDITION
101	102	PRECONDITION
101	106	PRECONDITION
101	107	PRECONDITION
101	108	PRECONDITION
102	106	PRECONDITION
102	107	PRECONDITION
102	108	PRECONDITION
106	107	PRECONDITION
106	108	PRECONDITION
107	108	PRECONDITION
