44	46	PRECONDITION
44	48_49	PRECONDITION
46	48_49	PRECONDITION
70	90	PRECONDITION
70	92_93	PRECONDITION
70	99_100	PRECONDITION
90	92_93	PRECONDITION
90	99_100	PRECONDITION
92_93	99_100	PRECONDITION
169	172	PRECONDITION
169	174	PRECONDITION
169	184_185_186	PRECONDITION
172	174	PRECONDITION
172	184_185_186	PRECONDITION
174	184_185_186	PRECONDITION
117_118	131	PRECONDITION
117_118	149_150_151	PRECONDITION
117_118	155	PRECONDITION
117_118	158	PRECONDITION
131	149_150_151	PRECONDITION
131	155	PRECONDITION
131	158	PRECONDITION
149_150_151	155	PRECONDITION
149_150_151	158	PRECONDITION
155	158	PRECONDITION
189_190	199	PRECONDITION
189_190	204_205	PRECONDITION
199	204_205	PRECONDITION
