39_40	47	PRECONDITION
59_60	73	PRECONDITION
59_60	75_76	PRECONDITION
59_60	81	PRECONDITION
59_60	86	PRECONDITION
59_60	87	PRECONDITION
73	75_76	PRECONDITION
73	81	PRECONDITION
73	86	PRECONDITION
73	87	PRECONDITION
75_76	81	PRECONDITION
75_76	86	PRECONDITION
75_76	87	PRECONDITION
81	86	PRECONDITION
81	87	PRECONDITION
86	87	PRECONDITION
142	146	PRECONDITION
142	153	PRECONDITION
142	163	PRECONDITION
146	153	PRECONDITION
146	163	PRECONDITION
153	163	PRECONDITION
93	98	PRECONDITION
93	100	PRECONDITION
93	109	PRECONDITION
93	131	PRECONDITION
98	100	PRECONDITION
98	109	PRECONDITION
98	131	PRECONDITION
100	109	PRECONDITION
100	131	PRECONDITION
109	131	PRECONDITION
