154_155_156	185	PRECONDITION
154_155_156	190	PRECONDITION
154_155_156	193	PRECONDITION
154_155_156	195	PRECONDITION
154_155_156	196_197_198	PRECONDITION
185	190	PRECONDITION
185	193	PRECONDITION
185	195	PRECONDITION
185	196_197_198	PRECONDITION
190	193	PRECONDITION
190	195	PRECONDITION
190	196_197_198	PRECONDITION
193	195	PRECONDITION
193	196_197_198	PRECONDITION
195	196_197_198	PRECONDITION
25_26	33	PRECONDITION
98_99	109	PRECONDITION
62_63	88	PRECONDITION
114	116_117	PRECONDITION
114	123	PRECONDITION
116_117	123	PRECONDITION
