218	230	PRECONDITION
218	232	PRECONDITION
218	241	PRECONDITION
230	232	PRECONDITION
230	241	PRECONDITION
232	241	PRECONDITION
67	68_69	PRECONDITION
67	71_72	PRECONDITION
67	80	PRECONDITION
68_69	71_72	PRECONDITION
68_69	80	PRECONDITION
71_72	80	PRECONDITION
42_43	48	PRECONDITION
42_43	49	PRECONDITION
48	49	PRECONDITION
194	196	PRECONDITION
194	199	PRECONDITION
194	214	PRECONDITION
196	199	PRECONDITION
196	214	PRECONDITION
199	214	PRECONDITION
134	135	PRECONDITION
134	150	PRECONDITION
135	150	PRECONDITION
113_114	116	PRECONDITION
157	162_163	PRECONDITION
157	173	PRECONDITION
157	174_175	PRECONDITION
157	178	PRECONDITION
157	179	PRECONDITION
162_163	173	PRECONDITION
162_163	174_175	PRECONDITION
162_163	178	PRECONDITION
162_163	179	PRECONDITION
173	174_175	PRECONDITION
173	178	PRECONDITION
173	179	PRECONDITION
174_175	178	PRECONDITION
174_175	179	PRECONDITION
178	179	PRECONDITION
