183_184	195	PRECONDITION
183_184	196	PRECONDITION
183_184	203	PRECONDITION
183_184	204	PRECONDITION
195	196	PRECONDITION
195	203	PRECONDITION
195	204	PRECONDITION
196	203	PRECONDITION
196	204	PRECONDITION
203	204	PRECONDITION
57	64	PRECONDITION
34	38_39	PRECONDITION
153	156_157	PRECONDITION
153	161	PRECONDITION
153	163	PRECONDITION
153	167	PRECONDITION
153	177	PRECONDITION
156_157	161	PRECONDITION
156_157	163	PRECONDITION
156_157	167	PRECONDITION
156_157	177	PRECONDITION
161	163	PRECONDITION
161	167	PRECONDITION
161	177	PRECONDITION
163	167	PRECONDITION
163	177	PRECONDITION
167	177	PRECONDITION
121	130	PRECONDITION
94	98	PRECONDITION
94	100	PRECONDITION
94	116	PRECONDITION
98	100	PRECONDITION
98	116	PRECONDITION
100	116	PRECONDITION
135	138	PRECONDITION
135	140	PRECONDITION
138	140	PRECONDITION
