47_48	53	PRECONDITION
47_48	56	PRECONDITION
47_48	60	PRECONDITION
47_48	61	PRECONDITION
47_48	65	PRECONDITION
47_48	70	PRECONDITION
53	56	PRECONDITION
53	60	PRECONDITION
53	61	PRECONDITION
53	65	PRECONDITION
53	70	PRECONDITION
56	60	PRECONDITION
56	61	PRECONDITION
56	65	PRECONDITION
56	70	PRECONDITION
60	61	PRECONDITION
60	65	PRECONDITION
60	70	PRECONDITION
61	65	PRECONDITION
61	70	PRECONDITION
65	70	PRECONDITION
109	111	PRECONDITION
75	87	PRECONDITION
75	91	PRECONDITION
75	94	PRECONDITION
87	91	PRECONDITION
87	94	PRECONDITION
91	94	PRECONDITION
115	119	PRECONDITION
115	122	PRECONDITION
115	129	PRECONDITION
115	131	PRECONDITION
115	141	PRECONDITION
119	122	PRECONDITION
119	129	PRECONDITION
119	131	PRECONDITION
119	141	PRECONDITION
122	129	PRECONDITION
122	131	PRECONDITION
122	141	PRECONDITION
129	131	PRECONDITION
129	141	PRECONDITION
131	141	PRECONDITION
