160	176	PRECONDITION
184	187	PRECONDITION
184	194	PRECONDITION
184	196	PRECONDITION
184	206	PRECONDITION
187	194	PRECONDITION
187	196	PRECONDITION
187	206	PRECONDITION
194	196	PRECONDITION
194	206	PRECONDITION
196	206	PRECONDITION
66_67	79	PRECONDITION
66_67	81	PRECONDITION
66_67	85	PRECONDITION
66_67	88	PRECONDITION
66_67	91	PRECONDITION
79	81	PRECONDITION
79	85	PRECONDITION
79	88	PRECONDITION
79	91	PRECONDITION
81	85	PRECONDITION
81	88	PRECONDITION
81	91	PRECONDITION
85	88	PRECONDITION
85	91	PRECONDITION
88	91	PRECONDITION
118	130	PRECONDITION
118	134	PRECONDITION
118	137	PRECONDITION
130	134	PRECONDITION
130	137	PRECONDITION
134	137	PRECONDITION
