50	51	PRECONDITION
50	55	PRECONDITION
50	66	PRECONDITION
50	70	PRECONDITION
51	55	PRECONDITION
51	66	PRECONDITION
51	70	PRECONDITION
55	66	PRECONDITION
55	70	PRECONDITION
66	70	PRECONDITION
35_36	39_40	PRECONDITION
169_170	177	PRECONDITION
169_170	185	PRECONDITION
169_170	195	PRECONDITION
177	185	PRECONDITION
177	195	PRECONDITION
185	195	PRECONDITION
105	111	PRECONDITION
105	118	PRECONDITION
111	118	PRECONDITION
88	91	PRECONDITION
136	150	PRECONDITION
136	156	PRECONDITION
136	161	PRECONDITION
150	156	PRECONDITION
150	161	PRECONDITION
156	161	PRECONDITION
