173	188	PRECONDITION
52_53	66	PRECONDITION
52_53	68	PRECONDITION
52_53	76	PRECONDITION
52_53	79	PRECONDITION
52_53	83	PRECONDITION
52_53	87	PRECONDITION
52_53	88	PRECONDITION
66	68	PRECONDITION
66	76	PRECONDITION
66	79	PRECONDITION
66	83	PRECONDITION
66	87	PRECONDITION
66	88	PRECONDITION
68	76	PRECONDITION
68	79	PRECONDITION
68	83	PRECONDITION
68	87	PRECONDITION
68	88	PRECONDITION
76	79	PRECONDITION
76	83	PRECONDITION
76	87	PRECONDITION
76	88	PRECONDITION
79	83	PRECONDITION
79	87	PRECONDITION
79	88	PRECONDITION
83	87	PRECONDITION
83	88	PRECONDITION
87	88	PRECONDITION
125	137	PRECONDITION
125	141	PRECONDITION
125	146	PRECONDITION
137	141	PRECONDITION
137	146	PRECONDITION
141	146	PRECONDITION
99_100	105	PRECONDITION
99_100	111	PRECONDITION
99_100	113	PRECONDITION
99_100	117	PRECONDITION
99_100	119	PRECONDITION
105	111	PRECONDITION
105	113	PRECONDITION
105	117	PRECONDITION
105	119	PRECONDITION
111	113	PRECONDITION
111	117	PRECONDITION
111	119	PRECONDITION
113	117	PRECONDITION
113	119	PRECONDITION
117	119	PRECONDITION
198	201	PRECONDITION
198	204	PRECONDITION
198	205	PRECONDITION
198	215	PRECONDITION
201	204	PRECONDITION
201	205	PRECONDITION
201	215	PRECONDITION
204	205	PRECONDITION
204	215	PRECONDITION
205	215	PRECONDITION
