165	166	PRECONDITION
165	170_171	PRECONDITION
166	170_171	PRECONDITION
58_59	63	PRECONDITION
253	256	PRECONDITION
253	257	PRECONDITION
253	265	PRECONDITION
253	270	PRECONDITION
256	257	PRECONDITION
256	265	PRECONDITION
256	270	PRECONDITION
257	265	PRECONDITION
257	270	PRECONDITION
265	270	PRECONDITION
225	229	PRECONDITION
39	41	PRECONDITION
39	45_46	PRECONDITION
39	47	PRECONDITION
41	45_46	PRECONDITION
41	47	PRECONDITION
45_46	47	PRECONDITION
191	192	PRECONDITION
191	197	PRECONDITION
192	197	PRECONDITION
88	94_95	PRECONDITION
88	106	PRECONDITION
94_95	106	PRECONDITION
70_71_72	74	PRECONDITION
70_71_72	78	PRECONDITION
70_71_72	80	PRECONDITION
74	78	PRECONDITION
74	80	PRECONDITION
78	80	PRECONDITION
120_121	129	PRECONDITION
120_121	132	PRECONDITION
120_121	134	PRECONDITION
129	132	PRECONDITION
129	134	PRECONDITION
132	134	PRECONDITION
